This file contains any messages produced by compilers while
running configure, to aid debugging if configure makes a mistake.

It was created by dash configure 0.5.7, which was
generated by GNU Autoconf 2.68.  Invocation command line was

  $ ./configure 

## --------- ##
## Platform. ##
## --------- ##

hostname = zz-PC
uname -m = x86_64
uname -r = 5.10.60-amd64-desktop
uname -s = Linux
uname -v = #1 SMP Fri Oct 8 10:24:07 CST 2021

/usr/bin/uname -p = unknown
/bin/uname -X     = unknown

/bin/arch              = x86_64
/usr/bin/arch -k       = unknown
/usr/convex/getsysinfo = unknown
/usr/bin/hostinfo      = unknown
/bin/machine           = unknown
/usr/bin/oslevel       = unknown
/bin/universe          = unknown

PATH: /usr/local/bin
PATH: /usr/bin
PATH: /bin
PATH: /usr/local/games
PATH: /usr/games
PATH: /sbin
PATH: /usr/sbin


## ----------- ##
## Core tests. ##
## ----------- ##

configure:2398: checking for a BSD-compatible install
configure:2466: result: /usr/bin/install -c
configure:2477: checking whether build environment is sane
configure:2514: result: yes
configure:2641: checking for a thread-safe mkdir -p
configure:2680: result: /usr/bin/mkdir -p
configure:2693: checking for gawk
configure:2709: found /usr/bin/gawk
configure:2720: result: gawk
configure:2731: checking whether make sets $(MAKE)
configure:2753: result: yes
configure:2886: checking for gcc
configure:2902: found /usr/bin/gcc
configure:2913: result: gcc
configure:3142: checking for C compiler version
configure:3151: gcc --version >&5
gcc (Debian 10.2.1-6) 10.2.1 20210110
Copyright (C) 2020 Free Software Foundation, Inc.
This is free software; see the source for copying conditions.  There is NO
warranty; not even for MERCHANTABILITY or FITNESS FOR A PARTICULAR PURPOSE.

configure:3162: $? = 0
configure:3151: gcc -v >&5
Using built-in specs.
COLLECT_GCC=gcc
COLLECT_LTO_WRAPPER=/usr/lib/gcc/x86_64-linux-gnu/10/lto-wrapper
OFFLOAD_TARGET_NAMES=nvptx-none:amdgcn-amdhsa:hsa
OFFLOAD_TARGET_DEFAULT=1
Target: x86_64-linux-gnu
Configured with: ../src/configure -v --with-pkgversion='Debian 10.2.1-6' --with-bugurl=file:///usr/share/doc/gcc-10/README.Bugs --enable-languages=c,ada,c++,go,brig,d,fortran,objc,obj-c++,m2 --prefix=/usr --with-gcc-major-version-only --program-suffix=-10 --program-prefix=x86_64-linux-gnu- --enable-shared --enable-linker-build-id --libexecdir=/usr/lib --without-included-gettext --enable-threads=posix --libdir=/usr/lib --enable-nls --enable-bootstrap --enable-clocale=gnu --enable-libstdcxx-debug --enable-libstdcxx-time=yes --with-default-libstdcxx-abi=new --enable-gnu-unique-object --disable-vtable-verify --enable-plugin --enable-default-pie --with-system-zlib --enable-libphobos-checking=release --with-target-system-zlib=auto --enable-objc-gc=auto --enable-multiarch --disable-werror --with-arch-32=i686 --with-abi=m64 --with-multilib-list=m32,m64,mx32 --enable-multilib --with-tune=generic --enable-offload-targets=nvptx-none=/build/gcc-10-Km9U7s/gcc-10-10.2.1/debian/tmp-nvptx/usr,amdgcn-amdhsa=/build/gcc-10-Km9U7s/gcc-10-10.2.1/debian/tmp-gcn/usr,hsa --without-cuda-driver --enable-checking=release --build=x86_64-linux-gnu --host=x86_64-linux-gnu --target=x86_64-linux-gnu --with-build-config=bootstrap-lto-lean --enable-link-mutex
Thread model: posix
Supported LTO compression algorithms: zlib zstd
gcc version 10.2.1 20210110 (Debian 10.2.1-6) 
... rest of stderr output deleted ...
configure:3162: $? = 0
configure:3151: gcc -V >&5
gcc: error: unrecognized command-line option '-V'
gcc: fatal error: no input files
compilation terminated.
configure:3162: $? = 1
configure:3151: gcc -qversion >&5
gcc: error: unrecognized command-line option '-qversion'; did you mean '--version'?
gcc: fatal error: no input files
compilation terminated.
configure:3162: $? = 1
configure:3182: checking whether the C compiler works
configure:3204: gcc    conftest.c  >&5
configure:3208: $? = 0
configure:3256: result: yes
configure:3259: checking for C compiler default output file name
configure:3261: result: a.out
configure:3267: checking for suffix of executables
configure:3274: gcc -o conftest    conftest.c  >&5
configure:3278: $? = 0
configure:3300: result: 
configure:3322: checking whether we are cross compiling
configure:3330: gcc -o conftest    conftest.c  >&5
configure:3334: $? = 0
configure:3341: ./conftest
configure:3345: $? = 0
configure:3360: result: no
configure:3365: checking for suffix of object files
configure:3387: gcc -c   conftest.c >&5
configure:3391: $? = 0
configure:3412: result: o
configure:3416: checking whether we are using the GNU C compiler
configure:3435: gcc -c   conftest.c >&5
configure:3435: $? = 0
configure:3444: result: yes
configure:3453: checking whether gcc accepts -g
configure:3473: gcc -c -g  conftest.c >&5
configure:3473: $? = 0
configure:3514: result: yes
configure:3531: checking for gcc option to accept ISO C89
configure:3595: gcc  -c -g -O2  conftest.c >&5
configure:3595: $? = 0
configure:3608: result: none needed
configure:3639: checking for style of include used by make
configure:3667: result: GNU
configure:3692: checking dependency style of gcc
configure:3802: result: gcc3
configure:3823: checking how to run the C preprocessor
configure:3854: gcc -E  conftest.c
configure:3854: $? = 0
configure:3868: gcc -E  conftest.c
conftest.c:11:10: fatal error: ac_nonexistent.h: No such file or directory
   11 | #include <ac_nonexistent.h>
      |          ^~~~~~~~~~~~~~~~~~
compilation terminated.
configure:3868: $? = 1
configure: failed program was:
| /* confdefs.h */
| #define PACKAGE_NAME "dash"
| #define PACKAGE_TARNAME "dash"
| #define PACKAGE_VERSION "0.5.7"
| #define PACKAGE_STRING "dash 0.5.7"
| #define PACKAGE_BUGREPORT ""
| #define PACKAGE_URL ""
| #define PACKAGE "dash"
| #define VERSION "0.5.7"
| /* end confdefs.h.  */
| #include <ac_nonexistent.h>
configure:3893: result: gcc -E
configure:3913: gcc -E  conftest.c
configure:3913: $? = 0
configure:3927: gcc -E  conftest.c
conftest.c:11:10: fatal error: ac_nonexistent.h: No such file or directory
   11 | #include <ac_nonexistent.h>
      |          ^~~~~~~~~~~~~~~~~~
compilation terminated.
configure:3927: $? = 1
configure: failed program was:
| /* confdefs.h */
| #define PACKAGE_NAME "dash"
| #define PACKAGE_TARNAME "dash"
| #define PACKAGE_VERSION "0.5.7"
| #define PACKAGE_STRING "dash 0.5.7"
| #define PACKAGE_BUGREPORT ""
| #define PACKAGE_URL ""
| #define PACKAGE "dash"
| #define VERSION "0.5.7"
| /* end confdefs.h.  */
| #include <ac_nonexistent.h>
configure:3956: checking for grep that handles long lines and -e
configure:4014: result: /usr/bin/grep
configure:4019: checking for egrep
configure:4081: result: /usr/bin/grep -E
configure:4086: checking for ANSI C header files
configure:4106: gcc -c -g -O2  conftest.c >&5
configure:4106: $? = 0
configure:4179: gcc -o conftest -g -O2   conftest.c  >&5
configure:4179: $? = 0
configure:4179: ./conftest
configure:4179: $? = 0
configure:4190: result: yes
configure:4203: checking for sys/types.h
configure:4203: gcc -c -g -O2  conftest.c >&5
configure:4203: $? = 0
configure:4203: result: yes
configure:4203: checking for sys/stat.h
configure:4203: gcc -c -g -O2  conftest.c >&5
configure:4203: $? = 0
configure:4203: result: yes
configure:4203: checking for stdlib.h
configure:4203: gcc -c -g -O2  conftest.c >&5
configure:4203: $? = 0
configure:4203: result: yes
configure:4203: checking for string.h
configure:4203: gcc -c -g -O2  conftest.c >&5
configure:4203: $? = 0
configure:4203: result: yes
configure:4203: checking for memory.h
configure:4203: gcc -c -g -O2  conftest.c >&5
configure:4203: $? = 0
configure:4203: result: yes
configure:4203: checking for strings.h
configure:4203: gcc -c -g -O2  conftest.c >&5
configure:4203: $? = 0
configure:4203: result: yes
configure:4203: checking for inttypes.h
configure:4203: gcc -c -g -O2  conftest.c >&5
configure:4203: $? = 0
configure:4203: result: yes
configure:4203: checking for stdint.h
configure:4203: gcc -c -g -O2  conftest.c >&5
configure:4203: $? = 0
configure:4203: result: yes
configure:4203: checking for unistd.h
configure:4203: gcc -c -g -O2  conftest.c >&5
configure:4203: $? = 0
configure:4203: result: yes
configure:4216: checking minix/config.h usability
configure:4216: gcc -c -g -O2  conftest.c >&5
conftest.c:54:10: fatal error: minix/config.h: No such file or directory
   54 | #include <minix/config.h>
      |          ^~~~~~~~~~~~~~~~
compilation terminated.
configure:4216: $? = 1
configure: failed program was:
| /* confdefs.h */
| #define PACKAGE_NAME "dash"
| #define PACKAGE_TARNAME "dash"
| #define PACKAGE_VERSION "0.5.7"
| #define PACKAGE_STRING "dash 0.5.7"
| #define PACKAGE_BUGREPORT ""
| #define PACKAGE_URL ""
| #define PACKAGE "dash"
| #define VERSION "0.5.7"
| #define STDC_HEADERS 1
| #define HAVE_SYS_TYPES_H 1
| #define HAVE_SYS_STAT_H 1
| #define HAVE_STDLIB_H 1
| #define HAVE_STRING_H 1
| #define HAVE_MEMORY_H 1
| #define HAVE_STRINGS_H 1
| #define HAVE_INTTYPES_H 1
| #define HAVE_STDINT_H 1
| #define HAVE_UNISTD_H 1
| /* end confdefs.h.  */
| #include <stdio.h>
| #ifdef HAVE_SYS_TYPES_H
| # include <sys/types.h>
| #endif
| #ifdef HAVE_SYS_STAT_H
| # include <sys/stat.h>
| #endif
| #ifdef STDC_HEADERS
| # include <stdlib.h>
| # include <stddef.h>
| #else
| # ifdef HAVE_STDLIB_H
| #  include <stdlib.h>
| # endif
| #endif
| #ifdef HAVE_STRING_H
| # if !defined STDC_HEADERS && defined HAVE_MEMORY_H
| #  include <memory.h>
| # endif
| # include <string.h>
| #endif
| #ifdef HAVE_STRINGS_H
| # include <strings.h>
| #endif
| #ifdef HAVE_INTTYPES_H
| # include <inttypes.h>
| #endif
| #ifdef HAVE_STDINT_H
| # include <stdint.h>
| #endif
| #ifdef HAVE_UNISTD_H
| # include <unistd.h>
| #endif
| #include <minix/config.h>
configure:4216: result: no
configure:4216: checking minix/config.h presence
configure:4216: gcc -E  conftest.c
conftest.c:21:10: fatal error: minix/config.h: No such file or directory
   21 | #include <minix/config.h>
      |          ^~~~~~~~~~~~~~~~
compilation terminated.
configure:4216: $? = 1
configure: failed program was:
| /* confdefs.h */
| #define PACKAGE_NAME "dash"
| #define PACKAGE_TARNAME "dash"
| #define PACKAGE_VERSION "0.5.7"
| #define PACKAGE_STRING "dash 0.5.7"
| #define PACKAGE_BUGREPORT ""
| #define PACKAGE_URL ""
| #define PACKAGE "dash"
| #define VERSION "0.5.7"
| #define STDC_HEADERS 1
| #define HAVE_SYS_TYPES_H 1
| #define HAVE_SYS_STAT_H 1
| #define HAVE_STDLIB_H 1
| #define HAVE_STRING_H 1
| #define HAVE_MEMORY_H 1
| #define HAVE_STRINGS_H 1
| #define HAVE_INTTYPES_H 1
| #define HAVE_STDINT_H 1
| #define HAVE_UNISTD_H 1
| /* end confdefs.h.  */
| #include <minix/config.h>
configure:4216: result: no
configure:4216: checking for minix/config.h
configure:4216: result: no
configure:4237: checking whether it is safe to define __EXTENSIONS__
configure:4255: gcc -c -g -O2  conftest.c >&5
configure:4255: $? = 0
configure:4262: result: yes
configure:4281: checking for bison
configure:4311: result: no
configure:4281: checking for byacc
configure:4311: result: no
configure:4321: checking for build system compiler
configure:4328: result: gcc
configure:4332: checking for __attribute__((__alias__()))
configure:4347: gcc -o conftest -g -O2   conftest.c  >&5
configure:4347: $? = 0
configure:4352: result: yes
configure:4384: checking alloca.h usability
configure:4384: gcc -c -g -O2  conftest.c >&5
configure:4384: $? = 0
configure:4384: result: yes
configure:4384: checking alloca.h presence
configure:4384: gcc -E  conftest.c
configure:4384: $? = 0
configure:4384: result: yes
configure:4384: checking for alloca.h
configure:4384: result: yes
configure:4384: checking paths.h usability
configure:4384: gcc -c -g -O2  conftest.c >&5
configure:4384: $? = 0
configure:4384: result: yes
configure:4384: checking paths.h presence
configure:4384: gcc -E  conftest.c
configure:4384: $? = 0
configure:4384: result: yes
configure:4384: checking for paths.h
configure:4384: result: yes
configure:4395: checking whether _PATH_BSHELL is declared
configure:4395: gcc -c -g -O2  conftest.c >&5
configure:4395: $? = 0
configure:4395: result: yes
configure:4411: checking whether _PATH_DEVNULL is declared
configure:4411: gcc -c -g -O2  conftest.c >&5
configure:4411: $? = 0
configure:4411: result: yes
configure:4427: checking whether _PATH_TTY is declared
configure:4427: gcc -c -g -O2  conftest.c >&5
configure:4427: $? = 0
configure:4427: result: yes
configure:4444: checking whether isblank is declared
configure:4444: gcc -c -g -O2  conftest.c >&5
configure:4444: $? = 0
configure:4444: result: yes
configure:4461: checking size of intmax_t
configure:4466: gcc -o conftest -g -O2   conftest.c  >&5
configure:4466: $? = 0
configure:4466: ./conftest
configure:4466: $? = 0
configure:4480: result: 8
configure:4494: checking size of long long int
configure:4499: gcc -o conftest -g -O2   conftest.c  >&5
configure:4499: $? = 0
configure:4499: ./conftest
configure:4499: $? = 0
configure:4513: result: 8
configure:4530: checking whether PRIdMAX is declared
configure:4530: gcc -c -g -O2  conftest.c >&5
configure:4530: $? = 0
configure:4530: result: yes
configure:4551: checking for bsearch
configure:4551: gcc -o conftest -g -O2   conftest.c  >&5
configure:4551: $? = 0
configure:4551: result: yes
configure:4551: checking for faccessat
configure:4551: gcc -o conftest -g -O2   conftest.c  >&5
configure:4551: $? = 0
configure:4551: result: yes
configure:4551: checking for getpwnam
configure:4551: gcc -o conftest -g -O2   conftest.c  >&5
configure:4551: $? = 0
configure:4551: result: yes
configure:4551: checking for getrlimit
configure:4551: gcc -o conftest -g -O2   conftest.c  >&5
configure:4551: $? = 0
configure:4551: result: yes
configure:4551: checking for imaxdiv
configure:4551: gcc -o conftest -g -O2   conftest.c  >&5
configure:4551: $? = 0
configure:4551: result: yes
configure:4551: checking for isalpha
configure:4551: gcc -o conftest -g -O2   conftest.c  >&5
conftest.c:60:6: warning: conflicting types for built-in function 'isalpha'; expected 'int(int)' [-Wbuiltin-declaration-mismatch]
   60 | char isalpha ();
      |      ^~~~~~~
conftest.c:48:1: note: 'isalpha' is declared in header '<ctype.h>'
   47 | # include <limits.h>
   48 | #else
configure:4551: $? = 0
configure:4551: result: yes
configure:4551: checking for killpg
configure:4551: gcc -o conftest -g -O2   conftest.c  >&5
configure:4551: $? = 0
configure:4551: result: yes
configure:4551: checking for mempcpy
configure:4551: gcc -o conftest -g -O2   conftest.c  >&5
conftest.c:62:6: warning: conflicting types for built-in function 'mempcpy'; expected 'void *(void *, const void *, long unsigned int)' [-Wbuiltin-declaration-mismatch]
   62 | char mempcpy ();
      |      ^~~~~~~
configure:4551: $? = 0
configure:4551: result: yes
configure:4551: checking for sigsetmask
configure:4551: gcc -o conftest -g -O2   conftest.c  >&5
configure:4551: $? = 0
configure:4551: result: yes
configure:4551: checking for stpcpy
configure:4551: gcc -o conftest -g -O2   conftest.c  >&5
conftest.c:64:6: warning: conflicting types for built-in function 'stpcpy'; expected 'char *(char *, const char *)' [-Wbuiltin-declaration-mismatch]
   64 | char stpcpy ();
      |      ^~~~~~
configure:4551: $? = 0
configure:4551: result: yes
configure:4551: checking for strchrnul
configure:4551: gcc -o conftest -g -O2   conftest.c  >&5
configure:4551: $? = 0
configure:4551: result: yes
configure:4551: checking for strsignal
configure:4551: gcc -o conftest -g -O2   conftest.c  >&5
configure:4551: $? = 0
configure:4551: result: yes
configure:4551: checking for strtod
configure:4551: gcc -o conftest -g -O2   conftest.c  >&5
configure:4551: $? = 0
configure:4551: result: yes
configure:4551: checking for strtoimax
configure:4551: gcc -o conftest -g -O2   conftest.c  >&5
configure:4551: $? = 0
configure:4551: result: yes
configure:4551: checking for strtoumax
configure:4551: gcc -o conftest -g -O2   conftest.c  >&5
configure:4551: $? = 0
configure:4551: result: yes
configure:4551: checking for sysconf
configure:4551: gcc -o conftest -g -O2   conftest.c  >&5
configure:4551: $? = 0
configure:4551: result: yes
configure:4590: checking for signal
configure:4590: gcc -o conftest -g -O2   conftest.c  >&5
configure:4590: $? = 0
configure:4590: result: yes
configure:4605: checking for stat64
configure:4605: gcc -o conftest -g -O2   conftest.c  >&5
configure:4605: $? = 0
configure:4605: result: yes
configure:4623: checking for open64
configure:4623: gcc -o conftest -g -O2   conftest.c  >&5
configure:4623: $? = 0
configure:4623: result: yes
configure:4815: creating ./config.status

## ---------------------- ##
## Running config.status. ##
## ---------------------- ##

This file was extended by dash config.status 0.5.7, which was
generated by GNU Autoconf 2.68.  Invocation command line was

  CONFIG_FILES    = 
  CONFIG_HEADERS  = 
  CONFIG_LINKS    = 
  CONFIG_COMMANDS = 
  $ ./config.status 

on zz-PC

config.status:889: creating Makefile
config.status:889: creating src/Makefile
config.status:889: creating config.h
config.status:1118: executing depfiles commands

## ---------------- ##
## Cache variables. ##
## ---------------- ##

ac_cv_c_compiler_gnu=yes
ac_cv_env_CC_set=
ac_cv_env_CC_value=
ac_cv_env_CFLAGS_set=
ac_cv_env_CFLAGS_value=
ac_cv_env_CPPFLAGS_set=
ac_cv_env_CPPFLAGS_value=
ac_cv_env_CPP_set=
ac_cv_env_CPP_value=
ac_cv_env_LDFLAGS_set=
ac_cv_env_LDFLAGS_value=
ac_cv_env_LIBS_set=
ac_cv_env_LIBS_value=
ac_cv_env_YACC_set=
ac_cv_env_YACC_value=
ac_cv_env_YFLAGS_set=
ac_cv_env_YFLAGS_value=
ac_cv_env_build_alias_set=
ac_cv_env_build_alias_value=
ac_cv_env_host_alias_set=
ac_cv_env_host_alias_value=
ac_cv_env_target_alias_set=
ac_cv_env_target_alias_value=
ac_cv_func_bsearch=yes
ac_cv_func_faccessat=yes
ac_cv_func_getpwnam=yes
ac_cv_func_getrlimit=yes
ac_cv_func_imaxdiv=yes
ac_cv_func_isalpha=yes
ac_cv_func_killpg=yes
ac_cv_func_mempcpy=yes
ac_cv_func_open64=yes
ac_cv_func_signal=yes
ac_cv_func_sigsetmask=yes
ac_cv_func_stat64=yes
ac_cv_func_stpcpy=yes
ac_cv_func_strchrnul=yes
ac_cv_func_strsignal=yes
ac_cv_func_strtod=yes
ac_cv_func_strtoimax=yes
ac_cv_func_strtoumax=yes
ac_cv_func_sysconf=yes
ac_cv_have_decl_PRIdMAX=yes
ac_cv_have_decl__PATH_BSHELL=yes
ac_cv_have_decl__PATH_DEVNULL=yes
ac_cv_have_decl__PATH_TTY=yes
ac_cv_have_decl_isblank=yes
ac_cv_header_alloca_h=yes
ac_cv_header_inttypes_h=yes
ac_cv_header_memory_h=yes
ac_cv_header_minix_config_h=no
ac_cv_header_paths_h=yes
ac_cv_header_stdc=yes
ac_cv_header_stdint_h=yes
ac_cv_header_stdlib_h=yes
ac_cv_header_string_h=yes
ac_cv_header_strings_h=yes
ac_cv_header_sys_stat_h=yes
ac_cv_header_sys_types_h=yes
ac_cv_header_unistd_h=yes
ac_cv_objext=o
ac_cv_path_EGREP='/usr/bin/grep -E'
ac_cv_path_GREP=/usr/bin/grep
ac_cv_path_install='/usr/bin/install -c'
ac_cv_path_mkdir=/usr/bin/mkdir
ac_cv_prog_AWK=gawk
ac_cv_prog_CPP='gcc -E'
ac_cv_prog_ac_ct_CC=gcc
ac_cv_prog_cc_c89=
ac_cv_prog_cc_g=yes
ac_cv_prog_make_make_set=yes
ac_cv_safe_to_define___extensions__=yes
ac_cv_sizeof_intmax_t=8
ac_cv_sizeof_long_long_int=8
am_cv_CC_dependencies_compiler_type=gcc3
dash_cv_have_attribute_alias=yes

## ----------------- ##
## Output variables. ##
## ----------------- ##

ACLOCAL='${SHELL} /home/zz_/Desktop/dash-0.5.7/missing --run aclocal-1.10'
AMDEPBACKSLASH='\'
AMDEP_FALSE='#'
AMDEP_TRUE=''
AMTAR='${SHELL} /home/zz_/Desktop/dash-0.5.7/missing --run tar'
AUTOCONF='${SHELL} /home/zz_/Desktop/dash-0.5.7/missing --run autoconf'
AUTOHEADER='${SHELL} /home/zz_/Desktop/dash-0.5.7/missing --run autoheader'
AUTOMAKE='${SHELL} /home/zz_/Desktop/dash-0.5.7/missing --run automake-1.10'
AWK='gawk'
CC='gcc'
CCDEPMODE='depmode=gcc3'
CC_FOR_BUILD='gcc'
CFLAGS='-g -O2'
CPP='gcc -E'
CPPFLAGS=''
CYGPATH_W='echo'
DEFS='-DHAVE_CONFIG_H'
DEPDIR='.deps'
ECHO_C=''
ECHO_N='-n'
ECHO_T=''
EGREP='/usr/bin/grep -E'
EXEEXT=''
GREP='/usr/bin/grep'
INSTALL_DATA='${INSTALL} -m 644'
INSTALL_PROGRAM='${INSTALL}'
INSTALL_SCRIPT='${INSTALL}'
INSTALL_STRIP_PROGRAM='$(install_sh) -c -s'
LDFLAGS=''
LIBOBJS=''
LIBS=''
LTLIBOBJS=''
MAKEINFO='${SHELL} /home/zz_/Desktop/dash-0.5.7/missing --run makeinfo'
MKDIR_P='/usr/bin/mkdir -p'
OBJEXT='o'
PACKAGE='dash'
PACKAGE_BUGREPORT=''
PACKAGE_NAME='dash'
PACKAGE_STRING='dash 0.5.7'
PACKAGE_TARNAME='dash'
PACKAGE_URL=''
PACKAGE_VERSION='0.5.7'
PATH_SEPARATOR=':'
SET_MAKE=''
SHELL='/bin/bash'
STRIP=''
VERSION='0.5.7'
YACC='yacc'
YFLAGS=''
ac_ct_CC='gcc'
am__fastdepCC_FALSE='#'
am__fastdepCC_TRUE=''
am__include='include'
am__isrc=''
am__leading_dot='.'
am__quote=''
am__tar='${AMTAR} chof - "$$tardir"'
am__untar='${AMTAR} xf -'
bindir='${exec_prefix}/bin'
build_alias=''
datadir='${datarootdir}'
datarootdir='${prefix}/share'
docdir='${datarootdir}/doc/${PACKAGE_TARNAME}'
dvidir='${docdir}'
exec_prefix='${prefix}'
host_alias=''
htmldir='${docdir}'
includedir='${prefix}/include'
infodir='${datarootdir}/info'
install_sh='$(SHELL) /home/zz_/Desktop/dash-0.5.7/install-sh'
libdir='${exec_prefix}/lib'
libexecdir='${exec_prefix}/libexec'
localedir='${datarootdir}/locale'
localstatedir='${prefix}/var'
mandir='${datarootdir}/man'
mkdir_p='/usr/bin/mkdir -p'
oldincludedir='/usr/include'
pdfdir='${docdir}'
prefix='/usr/local'
program_transform_name='s,x,x,'
psdir='${docdir}'
sbindir='${exec_prefix}/sbin'
sharedstatedir='${prefix}/com'
sysconfdir='${prefix}/etc'
target_alias=''

## ----------- ##
## confdefs.h. ##
## ----------- ##

/* confdefs.h */
#define PACKAGE_NAME "dash"
#define PACKAGE_TARNAME "dash"
#define PACKAGE_VERSION "0.5.7"
#define PACKAGE_STRING "dash 0.5.7"
#define PACKAGE_BUGREPORT ""
#define PACKAGE_URL ""
#define PACKAGE "dash"
#define VERSION "0.5.7"
#define STDC_HEADERS 1
#define HAVE_SYS_TYPES_H 1
#define HAVE_SYS_STAT_H 1
#define HAVE_STDLIB_H 1
#define HAVE_STRING_H 1
#define HAVE_MEMORY_H 1
#define HAVE_STRINGS_H 1
#define HAVE_INTTYPES_H 1
#define HAVE_STDINT_H 1
#define HAVE_UNISTD_H 1
#define __EXTENSIONS__ 1
#define _ALL_SOURCE 1
#define _GNU_SOURCE 1
#define _POSIX_PTHREAD_SEMANTICS 1
#define _TANDEM_SOURCE 1
#define HAVE_ALIAS_ATTRIBUTE 1
#define HAVE_ALLOCA_H 1
#define HAVE_PATHS_H 1
#define HAVE_DECL_ISBLANK 1
#define SIZEOF_INTMAX_T 8
#define SIZEOF_LONG_LONG_INT 8
#define HAVE_BSEARCH 1
#define HAVE_FACCESSAT 1
#define HAVE_GETPWNAM 1
#define HAVE_GETRLIMIT 1
#define HAVE_IMAXDIV 1
#define HAVE_ISALPHA 1
#define HAVE_KILLPG 1
#define HAVE_MEMPCPY 1
#define HAVE_SIGSETMASK 1
#define HAVE_STPCPY 1
#define HAVE_STRCHRNUL 1
#define HAVE_STRSIGNAL 1
#define HAVE_STRTOD 1
#define HAVE_STRTOIMAX 1
#define HAVE_STRTOUMAX 1
#define HAVE_SYSCONF 1
#define SMALL 1

configure: exit 0
